C51 COMPILER V9.60.7.0   LCD_LOCK                                                          07/20/2025 12:55:10 PAGE 1   


C51 COMPILER V9.60.7.0, COMPILATION OF MODULE LCD_LOCK
OBJECT MODULE PLACED IN .\Objects\lcd_lock.obj
COMPILER INVOKED BY: C:\Keil_v5\C51\BIN\C51.EXE lcd_lock.c OPTIMIZE(8,SPEED) BROWSE DEBUG OBJECTEXTEND PRINT(.\Listings\
                    -lcd_lock.lst) TABS(2) OBJECT(.\Objects\lcd_lock.obj)

line level    source

   1          #include<reg51.h>
   2          #define lcd P2
   3          sbit rs=P3^0;
   4          sbit e=P3^1;
   5          sbit c1=P1^0;
   6          sbit c2=P1^1;
   7          sbit c3=P1^2;
   8          sbit r1=P1^3;
   9          sbit r2=P1^4;
  10          sbit r3=P1^5;
  11          sbit r4=P1^6;
  12          void delay(int x)
  13          {
  14   1        int i,j;
  15   1        for(i=0;i<x;i++)
  16   1        {
  17   2          for(j=0;j<500;j++);
  18   2        }
  19   1      }
  20          void cmd(char c)
  21          {
  22   1        rs=0;
  23   1        lcd=c;
  24   1        e=1;
  25   1        delay(5);
  26   1        e=0;
  27   1      }
  28          void lcd_dat(char dat)
  29          {
  30   1        rs=1;
  31   1        lcd=dat;
  32   1        e=1;
  33   1        delay(5);
  34   1        e=0;
  35   1      }
  36          void ini()
  37          {
  38   1        cmd(0x38);
  39   1        cmd(0x0E);
  40   1        cmd(0x06);
  41   1        cmd(0x01);
  42   1      }
  43          void rowfinder1()
  44          {
  45   1        r1=r2=r3=r4=1;
  46   1        c1=c2=c3=0;
  47   1        if(r1==0){
  48   2          lcd_dat('1');
  49   2          delay(200);
  50   2        }
  51   1        if(r2==0){
  52   2          lcd_dat('4');
  53   2          delay(200);
  54   2        }
C51 COMPILER V9.60.7.0   LCD_LOCK                                                          07/20/2025 12:55:10 PAGE 2   

  55   1        if(r3==0){
  56   2          lcd_dat('7');
  57   2          delay(200);
  58   2        }
  59   1        if(r4==0){
  60   2          lcd_dat('*');
  61   2          delay(200);
  62   2        }
  63   1      }
  64          void rowfinder2()
  65          {
  66   1        r1=r2=r3=r4=1;
  67   1        c1=c2=c3=0;
  68   1        if(r1==0){
  69   2          lcd_dat('2');
  70   2          delay(200);
  71   2        }
  72   1        if(r2==0){
  73   2          lcd_dat('5');
  74   2          delay(200);
  75   2        }
  76   1        if(r3==0){
  77   2          lcd_dat('8');
  78   2          delay(200);
  79   2        }
  80   1        if(r4==0){
  81   2          lcd_dat('0');
  82   2          delay(200);
  83   2        }
  84   1      }
  85          void rowfinder3()
  86          {
  87   1        r1=r2=r3=r4=1;
  88   1        c1=c2=c3=0;
  89   1        if(r1==0){
  90   2          lcd_dat('3');
  91   2          delay(200);
  92   2        }
  93   1        if(r2==0){
  94   2          lcd_dat('6');
  95   2          delay(200);
  96   2        }
  97   1        if(r3==0){
  98   2          lcd_dat('9');
  99   2          delay(200);
 100   2        }
 101   1        if(r4==0){
 102   2          lcd_dat('#');
 103   2          delay(200);
 104   2        }
 105   1      }
 106          void main()
 107          {
 108   1        ini();
 109   1        while(1){
 110   2        delay(30);
 111   2        c1=c2=c3=1;
 112   2        r1=r2=r3=r4=0;
 113   2        if(c1==0){
 114   3          rowfinder1();}
 115   2        if(c2==0){
 116   3          rowfinder2();}
C51 COMPILER V9.60.7.0   LCD_LOCK                                                          07/20/2025 12:55:10 PAGE 3   

 117   2        if(c3==0){
 118   3          rowfinder3();}
 119   2        }
 120   1      }


MODULE INFORMATION:   STATIC OVERLAYABLE
   CODE SIZE        =    282    ----
   CONSTANT SIZE    =   ----    ----
   XDATA SIZE       =   ----    ----
   PDATA SIZE       =   ----    ----
   DATA SIZE        =   ----    ----
   IDATA SIZE       =   ----    ----
   BIT SIZE         =   ----    ----
END OF MODULE INFORMATION.


C51 COMPILATION COMPLETE.  0 WARNING(S),  0 ERROR(S)
